The system is: Windows - 10.0.19042 - AMD64
Compiling the C compiler identification source file "CMakeCCompilerId.c" succeeded.
Compiler: D:/programmes/Visual Studio/Enterprise/IDE/VC/Tools/MSVC/14.29.30133/bin/Hostx64/x64/cl.exe 
Build flags: 
Id flags:  

The output was:
0
Compilateur d'optimisation Microsoft (R) C/C++ version 19.29.30133 pour x64
Copyright (C) Microsoft Corporation. Tous droits réservés.

CMakeCCompilerId.c
Microsoft (R) Incremental Linker Version 14.29.30133.0
Copyright (C) Microsoft Corporation.  All rights reserved.

/out:CMakeCCompilerId.exe 
CMakeCCompilerId.obj 


Compilation of the C compiler identification source "CMakeCCompilerId.c" produced "CMakeCCompilerId.exe"

Compilation of the C compiler identification source "CMakeCCompilerId.c" produced "CMakeCCompilerId.obj"

The C compiler identification is MSVC, found in "C:/Users/pascal/Desktop/ecole/INF1015/TD2/TD2-inf1015/out/build/x64-Debug/CMakeFiles/3.20.21032501-MSVC_2/CompilerIdC/CMakeCCompilerId.exe"

Compiling the CXX compiler identification source file "CMakeCXXCompilerId.cpp" succeeded.
Compiler: D:/programmes/Visual Studio/Enterprise/IDE/VC/Tools/MSVC/14.29.30133/bin/Hostx64/x64/cl.exe 
Build flags: 
Id flags:  

The output was:
0
Compilateur d'optimisation Microsoft (R) C/C++ version 19.29.30133 pour x64
Copyright (C) Microsoft Corporation. Tous droits réservés.

CMakeCXXCompilerId.cpp
Microsoft (R) Incremental Linker Version 14.29.30133.0
Copyright (C) Microsoft Corporation.  All rights reserved.

/out:CMakeCXXCompilerId.exe 
CMakeCXXCompilerId.obj 


Compilation of the CXX compiler identification source "CMakeCXXCompilerId.cpp" produced "CMakeCXXCompilerId.exe"

Compilation of the CXX compiler identification source "CMakeCXXCompilerId.cpp" produced "CMakeCXXCompilerId.obj"

The CXX compiler identification is MSVC, found in "C:/Users/pascal/Desktop/ecole/INF1015/TD2/TD2-inf1015/out/build/x64-Debug/CMakeFiles/3.20.21032501-MSVC_2/CompilerIdCXX/CMakeCXXCompilerId.exe"

Detecting C compiler ABI info compiled with the following output:
Change Dir: C:/Users/pascal/Desktop/ecole/INF1015/TD2/TD2-inf1015/out/build/x64-Debug/CMakeFiles/CMakeTmp

Run Build Command(s):D:/programmes/Visual Studio/Enterprise/IDE/Common7/IDE/CommonExtensions/Microsoft/CMake/Ninja/ninja.exe cmTC_c17ef && [1/2] Building C object CMakeFiles\cmTC_c17ef.dir\CMakeCCompilerABI.c.obj
[2/2] Linking C executable cmTC_c17ef.exe



Detecting CXX compiler ABI info compiled with the following output:
Change Dir: C:/Users/pascal/Desktop/ecole/INF1015/TD2/TD2-inf1015/out/build/x64-Debug/CMakeFiles/CMakeTmp

Run Build Command(s):D:/programmes/Visual Studio/Enterprise/IDE/Common7/IDE/CommonExtensions/Microsoft/CMake/Ninja/ninja.exe cmTC_c65bf && [1/2] Building CXX object CMakeFiles\cmTC_c65bf.dir\CMakeCXXCompilerABI.cpp.obj
[2/2] Linking CXX executable cmTC_c65bf.exe



